Processing TestController#index (for 127.0.0.1 at 2009-01-15 14:43:32) [POST]
  Parameters: {"commit"=>"Go", "authenticity_token"=>"T8WMtv3ePyflUGgtW6JXEhzr5R9UgAa27IDrLlvf+LM=", "foo"=>""}
Rendering test/index
Completed in 4ms (View: 2, DB: 0) | 200 OK [http://localhost/test]


Processing TestController#index (for 127.0.0.1 at 2009-01-15 14:46:13) [GET]
Rendering test/index
Completed in 108ms (View: 106, DB: 0) | 200 OK [http://foobar.local/test]
/!\ FAILSAFE /!\  Thu Jan 15 14:46:15 -0800 2009
  Status: 500 Internal Server Error
  can't convert Symbol into String
    /Users/sam/viewtest/vendor/rails/actionpack/lib/action_controller/rewindable_input.rb:23:in `send'
    /Users/sam/viewtest/vendor/rails/actionpack/lib/action_controller/rewindable_input.rb:23:in `method_missing'
    /Users/sam/viewtest/vendor/rails/actionpack/lib/action_controller/rack_ext.rb:9:in `parse_multipart'
    /Library/Ruby/Gems/1.8/gems/rack-0.9.1/lib/rack/request.rb:113:in `POST'
    /Library/Ruby/Gems/1.8/gems/rack-0.9.1/lib/rack/methodoverride.rb:15:in `call'
    /Users/sam/viewtest/vendor/rails/actionpack/lib/action_controller/rewindable_input.rb:41:in `call'
    /Users/sam/viewtest/vendor/rails/railties/lib/rails/rack/metal.rb:32:in `call'
    /Users/sam/viewtest/vendor/rails/actionpack/lib/action_controller/session/cookie_store.rb:95:in `call'
    /Users/sam/viewtest/vendor/rails/activerecord/lib/active_record/query_cache.rb:29:in `call'
    /Users/sam/viewtest/vendor/rails/activerecord/lib/active_record/connection_adapters/abstract/query_cache.rb:34:in `cache'
    /Users/sam/viewtest/vendor/rails/activerecord/lib/active_record/query_cache.rb:9:in `cache'
    /Users/sam/viewtest/vendor/rails/activerecord/lib/active_record/query_cache.rb:28:in `call'
    /Users/sam/viewtest/vendor/rails/actionpack/lib/action_controller/failsafe.rb:11:in `call'
    /Users/sam/viewtest/vendor/rails/actionpack/lib/action_controller/lock.rb:11:in `call'
    /Users/sam/viewtest/vendor/rails/actionpack/lib/action_controller/lock.rb:11:in `synchronize'
    /Users/sam/viewtest/vendor/rails/actionpack/lib/action_controller/lock.rb:11:in `call'
    /Users/sam/viewtest/vendor/rails/actionpack/lib/action_controller/dispatcher.rb:83:in `call'
    /Library/Ruby/Gems/1.8/gems/passenger-2.1.0/lib/passenger/rack/request_handler.rb:65:in `process_request'
    /Library/Ruby/Gems/1.8/gems/passenger-2.1.0/lib/passenger/abstract_request_handler.rb:204:in `main_loop'
    /Library/Ruby/Gems/1.8/gems/passenger-2.1.0/lib/passenger/railz/application_spawner.rb:331:in `start_request_handler'
    /Library/Ruby/Gems/1.8/gems/passenger-2.1.0/lib/passenger/railz/application_spawner.rb:294:in `handle_spawn_application'
    /Library/Ruby/Gems/1.8/gems/passenger-2.1.0/lib/passenger/utils.rb:180:in `safe_fork'
    /Library/Ruby/Gems/1.8/gems/passenger-2.1.0/lib/passenger/railz/application_spawner.rb:292:in `handle_spawn_application'
    /Library/Ruby/Gems/1.8/gems/passenger-2.1.0/lib/passenger/abstract_server.rb:332:in `__send__'
    /Library/Ruby/Gems/1.8/gems/passenger-2.1.0/lib/passenger/abstract_server.rb:332:in `main_loop'
    /Library/Ruby/Gems/1.8/gems/passenger-2.1.0/lib/passenger/abstract_server.rb:182:in `start_synchronously'
    /Library/Ruby/Gems/1.8/gems/passenger-2.1.0/lib/passenger/abstract_server.rb:149:in `start'
    /Library/Ruby/Gems/1.8/gems/passenger-2.1.0/lib/passenger/railz/application_spawner.rb:187:in `start'
    /Library/Ruby/Gems/1.8/gems/passenger-2.1.0/lib/passenger/spawn_manager.rb:260:in `spawn_rails_application'
    /Library/Ruby/Gems/1.8/gems/passenger-2.1.0/lib/passenger/abstract_server_collection.rb:121:in `lookup_or_add'
    /Library/Ruby/Gems/1.8/gems/passenger-2.1.0/lib/passenger/spawn_manager.rb:254:in `spawn_rails_application'
    /Library/Ruby/Gems/1.8/gems/passenger-2.1.0/lib/passenger/abstract_server_collection.rb:75:in `synchronize'
    /Library/Ruby/Gems/1.8/gems/passenger-2.1.0/lib/passenger/abstract_server_collection.rb:74:in `synchronize'
    /Library/Ruby/Gems/1.8/gems/passenger-2.1.0/lib/passenger/spawn_manager.rb:253:in `spawn_rails_application'
    /Library/Ruby/Gems/1.8/gems/passenger-2.1.0/lib/passenger/spawn_manager.rb:148:in `spawn_application'
    /Library/Ruby/Gems/1.8/gems/passenger-2.1.0/lib/passenger/spawn_manager.rb:285:in `handle_spawn_application'
    /Library/Ruby/Gems/1.8/gems/passenger-2.1.0/lib/passenger/abstract_server.rb:332:in `__send__'
    /Library/Ruby/Gems/1.8/gems/passenger-2.1.0/lib/passenger/abstract_server.rb:332:in `main_loop'
    /Library/Ruby/Gems/1.8/gems/passenger-2.1.0/lib/passenger/abstract_server.rb:182:in `start_synchronously'
    /Library/Ruby/Gems/1.8/gems/passenger-2.1.0/bin/passenger-spawn-server:46
