

Started GET "/chiamatas/ultime_prese" for 127.0.0.1 at 2011-03-02 22:39:50 +0100
  Processing by ChiamatasController#ultime_prese as HTML
  [1m[36mSQL (0.0ms)[0m  [1m SELECT name
 FROM sqlite_master
 WHERE type = 'table' AND NOT name = 'sqlite_sequence'
[0m
  [1m[35mSQL (0.0ms)[0m   SELECT name
 FROM sqlite_master
 WHERE type = 'table' AND NOT name = 'sqlite_sequence'
  [1m[36mChiamata Load (0.0ms)[0m  [1mSELECT "chiamata".* FROM "chiamata" WHERE "chiamata"."chiusa" = 0 ORDER BY data DESC LIMIT 30[0m
SQLite3::SQLException: no such table: chiamata: SELECT  "chiamata".* FROM "chiamata" WHERE "chiamata"."chiusa" = 0 ORDER BY data DESC LIMIT 30
Rendered chiamatas/_lista_chiamate.html.erb (62.5ms)
Rendered chiamatas/ultime_prese.html.erb within layouts/application (62.5ms)
Completed   in 141ms

ActionView::Template::Error (SQLite3::SQLException: no such table: chiamata: SELECT  "chiamata".* FROM "chiamata" WHERE "chiamata"."chiusa" = 0 ORDER BY data DESC LIMIT 30):
    15:     
    16:   </tr>  
    17:     <% odd_or_even = 0
    18:    for chiamata in @chiamatas 
    19:    odd_or_even = 1 -  odd_or_even %>
    20:    <tr class="listline<%= odd_or_even%>">
    21: 		   	 
  app/views/chiamatas/_lista_chiamate.html.erb:18:in `_app_views_chiamatas__lista_chiamate_html_erb__71065525_13843284_364140046'
  app/views/chiamatas/ultime_prese.html.erb:8:in `_app_views_chiamatas_ultime_prese_html_erb___928804385_13871700__475234359'

Rendered C:/Ruby192/lib/ruby/gems/1.9.1/gems/actionpack-3.0.5/lib/action_dispatch/middleware/templates/rescues/_trace.erb (0.0ms)
  [1m[35mChiamata Load (0.0ms)[0m  SELECT "chiamata".* FROM "chiamata" WHERE "chiamata"."chiusa" = 0 ORDER BY data DESC LIMIT 30
SQLite3::SQLException: no such table: chiamata: SELECT  "chiamata".* FROM "chiamata" WHERE "chiamata"."chiusa" = 0 ORDER BY data DESC LIMIT 30
Rendered C:/Ruby192/lib/ruby/gems/1.9.1/gems/actionpack-3.0.5/lib/action_dispatch/middleware/templates/rescues/_request_and_response.erb (0.0ms)
Rendered C:/Ruby192/lib/ruby/gems/1.9.1/gems/actionpack-3.0.5/lib/action_dispatch/middleware/templates/rescues/template_error.erb within rescues/layout (15.6ms)
