  [4;36;1mSQL (0.3ms)[0m   [0;1m SELECT name
 FROM sqlite_master
 WHERE type = 'table' AND NOT name = 'sqlite_sequence'
[0m
  [4;35;1mSQL (0.2ms)[0m   [0mselect sqlite_version(*)[0m
  [4;36;1mSQL (2.5ms)[0m   [0;1mCREATE TABLE "schema_migrations" ("version" varchar(255) NOT NULL) [0m
  [4;35;1mSQL (2.8ms)[0m   [0mCREATE UNIQUE INDEX "unique_schema_migrations" ON "schema_migrations" ("version")[0m
  [4;36;1mSQL (0.7ms)[0m   [0;1m SELECT name
 FROM sqlite_master
 WHERE type = 'table' AND NOT name = 'sqlite_sequence'
[0m
  [4;35;1mSQL (0.2ms)[0m   [0mSELECT version FROM schema_migrations[0m
Migrating to CreateBoxes (20090222233706)
  [4;36;1mSQL (2.2ms)[0m   [0;1mCREATE TABLE "boxes" ("id" INTEGER PRIMARY KEY AUTOINCREMENT NOT NULL, "created_at" datetime, "updated_at" datetime) [0m
  [4;35;1mSQL (1.8ms)[0m   [0mINSERT INTO schema_migrations (version) VALUES ('20090222233706')[0m
Migrating to CreateSchemas (20090222233711)
  [4;36;1mSQL (2.3ms)[0m   [0;1mCREATE TABLE "schemas" ("id" INTEGER PRIMARY KEY AUTOINCREMENT NOT NULL, "created_at" datetime, "updated_at" datetime) [0m
  [4;35;1mSQL (2.1ms)[0m   [0mINSERT INTO schema_migrations (version) VALUES ('20090222233711')[0m
Migrating to BoxesSchemas (20090222233903)
  [4;36;1mSQL (2.5ms)[0m   [0;1mINSERT INTO schema_migrations (version) VALUES ('20090222233903')[0m
  [4;35;1mSQL (0.5ms)[0m   [0m SELECT name
 FROM sqlite_master
 WHERE type = 'table' AND NOT name = 'sqlite_sequence'
[0m
  [4;36;1mSQL (0.4ms)[0m   [0;1mSELECT version FROM schema_migrations[0m
  [4;35;1mSQL (0.4ms)[0m   [0m SELECT name
 FROM sqlite_master
 WHERE type = 'table' AND NOT name = 'sqlite_sequence'
[0m
  [4;36;1mSQL (0.1ms)[0m   [0;1mPRAGMA index_list("boxes")[0m
  [4;35;1mSQL (0.1ms)[0m   [0mPRAGMA index_list("schemas")[0m


Processing BoxesController#index (for 127.0.0.1 at 2009-02-22 18:39:37) [GET]
  [4;36;1mBox Load (0.4ms)[0m   [0;1mSELECT * FROM "boxes" [0m
Rendering template within layouts/boxes
Rendering boxes/index
Completed in 8ms (View: 3, DB: 0) | 200 OK [http://localhost/boxes]


Processing BoxesController#new (for 127.0.0.1 at 2009-02-22 18:39:38) [GET]
Rendering template within layouts/boxes
Rendering boxes/new
Completed in 9ms (View: 5, DB: 0) | 200 OK [http://localhost/boxes/new]


Processing BoxesController#create (for 127.0.0.1 at 2009-02-22 18:39:39) [POST]
  Parameters: {"commit"=>"Create", "authenticity_token"=>"bf75f9a4b37720855ec3bc1d649c7f14c526e07b"}
  [4;35;1mBox Create (0.4ms)[0m   [0mINSERT INTO "boxes" ("updated_at", "created_at") VALUES('2009-02-22 23:39:39', '2009-02-22 23:39:39')[0m
Redirected to #<Box:0x24bc088>
Completed in 11ms (DB: 0) | 302 Found [http://localhost/boxes]


Processing BoxesController#show (for 127.0.0.1 at 2009-02-22 18:39:39) [GET]
  Parameters: {"id"=>"1"}
  [4;36;1mBox Load (0.2ms)[0m   [0;1mSELECT * FROM "boxes" WHERE ("boxes"."id" = 1) [0m
Rendering template within layouts/boxes
Rendering boxes/show
Completed in 7ms (View: 3, DB: 0) | 200 OK [http://localhost/boxes/1]


Processing BoxesController#index (for 127.0.0.1 at 2009-02-22 18:39:40) [GET]
  [4;35;1mBox Load (0.5ms)[0m   [0mSELECT * FROM "boxes" [0m
Rendering template within layouts/boxes
Rendering boxes/index
Completed in 11ms (View: 5, DB: 1) | 200 OK [http://localhost/boxes]


Processing BoxesController#destroy (for 127.0.0.1 at 2009-02-22 18:39:42) [DELETE]
  Parameters: {"authenticity_token"=>"bf75f9a4b37720855ec3bc1d649c7f14c526e07b", "id"=>"1"}
  [4;36;1mBox Load (0.3ms)[0m   [0;1mSELECT * FROM "boxes" WHERE ("boxes"."id" = 1) [0m
  [4;35;1mBox Destroy (0.3ms)[0m   [0mDELETE FROM "boxes" WHERE "id" = 1[0m
Redirected to http://localhost:3000/boxes
Completed in 10ms (DB: 1) | 302 Found [http://localhost/boxes/1]


Processing BoxesController#index (for 127.0.0.1 at 2009-02-22 18:39:42) [GET]
  [4;36;1mBox Load (0.4ms)[0m   [0;1mSELECT * FROM "boxes" [0m
Rendering template within layouts/boxes
Rendering boxes/index
Completed in 7ms (View: 3, DB: 0) | 200 OK [http://localhost/boxes]


Processing BoxesController#new (for 127.0.0.1 at 2009-02-22 18:40:53) [GET]
Rendering template within layouts/boxes
Rendering boxes/new
Completed in 10ms (View: 5, DB: 0) | 200 OK [http://localhost/boxes/new]


Processing BoxesController#create (for 127.0.0.1 at 2009-02-22 18:40:54) [POST]
  Parameters: {"commit"=>"Create", "authenticity_token"=>"bf75f9a4b37720855ec3bc1d649c7f14c526e07b"}
  [4;36;1mBox Create (0.4ms)[0m   [0;1mINSERT INTO "boxes" ("updated_at", "created_at") VALUES('2009-02-22 23:40:54', '2009-02-22 23:40:54')[0m
Redirected to #<Box:0x2508adc>
Completed in 14ms (DB: 0) | 302 Found [http://localhost/boxes]


Processing BoxesController#show (for 127.0.0.1 at 2009-02-22 18:40:54) [GET]
  Parameters: {"id"=>"2"}
  [4;35;1mBox Load (0.2ms)[0m   [0mSELECT * FROM "boxes" WHERE ("boxes"."id" = 2) [0m
Rendering template within layouts/boxes
Rendering boxes/show
Completed in 8ms (View: 3, DB: 0) | 200 OK [http://localhost/boxes/2]


Processing BoxesController#index (for 127.0.0.1 at 2009-02-22 18:40:55) [GET]
  [4;36;1mBox Load (0.4ms)[0m   [0;1mSELECT * FROM "boxes" [0m
Rendering template within layouts/boxes
Rendering boxes/index
Completed in 10ms (View: 4, DB: 0) | 200 OK [http://localhost/boxes]


Processing BoxesController#destroy (for 127.0.0.1 at 2009-02-22 18:40:57) [DELETE]
  Parameters: {"authenticity_token"=>"bf75f9a4b37720855ec3bc1d649c7f14c526e07b", "id"=>"2"}
  [4;35;1mBox Load (0.2ms)[0m   [0mSELECT * FROM "boxes" WHERE ("boxes"."id" = 2) [0m


NoMethodError (undefined method `quoted_table_name' for #<ActiveRecord::ConnectionAdapters::SQLite3Adapter:0x240b850>):
    /Library/Ruby/Gems/1.8/gems/activerecord-2.2.2/lib/active_record/migration.rb:346:in `send'
    /Library/Ruby/Gems/1.8/gems/activerecord-2.2.2/lib/active_record/migration.rb:346:in `method_missing'
    /Library/Ruby/Gems/1.8/gems/activerecord-2.2.2/lib/active_record/migration.rb:326:in `say_with_time'
    /System/Library/Frameworks/Ruby.framework/Versions/1.8/usr/lib/ruby/1.8/benchmark.rb:293:in `measure'
    /Library/Ruby/Gems/1.8/gems/activerecord-2.2.2/lib/active_record/migration.rb:326:in `say_with_time'
    /Library/Ruby/Gems/1.8/gems/activerecord-2.2.2/lib/active_record/migration.rb:342:in `method_missing'
    /Library/Ruby/Gems/1.8/gems/activerecord-2.2.2/lib/active_record/reflection.rb:182:in `quoted_table_name'
    /Library/Ruby/Gems/1.8/gems/activerecord-2.2.2/lib/active_record/associations/has_and_belongs_to_many_association.rb:80:in `construct_sql'
    /Library/Ruby/Gems/1.8/gems/activerecord-2.2.2/lib/active_record/associations/association_collection.rb:21:in `initialize'
    /Library/Ruby/Gems/1.8/gems/activerecord-2.2.2/lib/active_record/associations.rb:1297:in `new'
    /Library/Ruby/Gems/1.8/gems/activerecord-2.2.2/lib/active_record/associations.rb:1297:in `schemas'
    (eval):3:in `destroy_without_callbacks'
    /Library/Ruby/Gems/1.8/gems/activerecord-2.2.2/lib/active_record/callbacks.rb:308:in `destroy_without_transactions'
    /Library/Ruby/Gems/1.8/gems/activerecord-2.2.2/lib/active_record/transactions.rb:179:in `send'
    /Library/Ruby/Gems/1.8/gems/activerecord-2.2.2/lib/active_record/transactions.rb:179:in `with_transaction_returning_status'
    /Library/Ruby/Gems/1.8/gems/activerecord-2.2.2/lib/active_record/connection_adapters/abstract/database_statements.rb:66:in `transaction'
    /Library/Ruby/Gems/1.8/gems/activerecord-2.2.2/lib/active_record/transactions.rb:129:in `transaction'
    /Library/Ruby/Gems/1.8/gems/activerecord-2.2.2/lib/active_record/transactions.rb:138:in `transaction'
    /Library/Ruby/Gems/1.8/gems/activerecord-2.2.2/lib/active_record/transactions.rb:178:in `with_transaction_returning_status'
    /Library/Ruby/Gems/1.8/gems/activerecord-2.2.2/lib/active_record/transactions.rb:142:in `destroy'
    /app/controllers/boxes_controller.rb:78:in `destroy'
    /Library/Ruby/Gems/1.8/gems/actionpack-2.2.2/lib/action_controller/base.rb:1253:in `send'
    /Library/Ruby/Gems/1.8/gems/actionpack-2.2.2/lib/action_controller/base.rb:1253:in `perform_action_without_filters'
    /Library/Ruby/Gems/1.8/gems/actionpack-2.2.2/lib/action_controller/filters.rb:617:in `call_filters'
    /Library/Ruby/Gems/1.8/gems/actionpack-2.2.2/lib/action_controller/filters.rb:610:in `perform_action_without_benchmark'
    /Library/Ruby/Gems/1.8/gems/actionpack-2.2.2/lib/action_controller/benchmarking.rb:68:in `perform_action_without_rescue'
    /System/Library/Frameworks/Ruby.framework/Versions/1.8/usr/lib/ruby/1.8/benchmark.rb:293:in `measure'
    /Library/Ruby/Gems/1.8/gems/actionpack-2.2.2/lib/action_controller/benchmarking.rb:68:in `perform_action_without_rescue'
    /Library/Ruby/Gems/1.8/gems/actionpack-2.2.2/lib/action_controller/rescue.rb:136:in `perform_action_without_caching'
    /Library/Ruby/Gems/1.8/gems/actionpack-2.2.2/lib/action_controller/caching/sql_cache.rb:13:in `perform_action'
    /Library/Ruby/Gems/1.8/gems/activerecord-2.2.2/lib/active_record/connection_adapters/abstract/query_cache.rb:34:in `cache'
    /Library/Ruby/Gems/1.8/gems/activerecord-2.2.2/lib/active_record/query_cache.rb:8:in `cache'
    /Library/Ruby/Gems/1.8/gems/actionpack-2.2.2/lib/action_controller/caching/sql_cache.rb:12:in `perform_action'
    /Library/Ruby/Gems/1.8/gems/actionpack-2.2.2/lib/action_controller/base.rb:524:in `send'
    /Library/Ruby/Gems/1.8/gems/actionpack-2.2.2/lib/action_controller/base.rb:524:in `process_without_filters'
    /Library/Ruby/Gems/1.8/gems/actionpack-2.2.2/lib/action_controller/filters.rb:606:in `process_without_session_management_support'
    /Library/Ruby/Gems/1.8/gems/actionpack-2.2.2/lib/action_controller/session_management.rb:134:in `process'
    /Library/Ruby/Gems/1.8/gems/actionpack-2.2.2/lib/action_controller/base.rb:392:in `process'
    /Library/Ruby/Gems/1.8/gems/actionpack-2.2.2/lib/action_controller/dispatcher.rb:183:in `handle_request'
    /Library/Ruby/Gems/1.8/gems/actionpack-2.2.2/lib/action_controller/dispatcher.rb:110:in `dispatch_unlocked'
    /Library/Ruby/Gems/1.8/gems/actionpack-2.2.2/lib/action_controller/dispatcher.rb:123:in `dispatch'
    /Library/Ruby/Gems/1.8/gems/actionpack-2.2.2/lib/action_controller/dispatcher.rb:122:in `synchronize'
    /Library/Ruby/Gems/1.8/gems/actionpack-2.2.2/lib/action_controller/dispatcher.rb:122:in `dispatch'
    /Library/Ruby/Gems/1.8/gems/actionpack-2.2.2/lib/action_controller/dispatcher.rb:132:in `dispatch_cgi'
    /Library/Ruby/Gems/1.8/gems/actionpack-2.2.2/lib/action_controller/dispatcher.rb:39:in `dispatch'
    /Library/Ruby/Gems/1.8/gems/mongrel-1.1.5/bin/../lib/mongrel/rails.rb:76:in `process'
    /Library/Ruby/Gems/1.8/gems/mongrel-1.1.5/bin/../lib/mongrel/rails.rb:74:in `synchronize'
    /Library/Ruby/Gems/1.8/gems/mongrel-1.1.5/bin/../lib/mongrel/rails.rb:74:in `process'
    /Library/Ruby/Gems/1.8/gems/mongrel-1.1.5/lib/mongrel.rb:159:in `process_client'
    /Library/Ruby/Gems/1.8/gems/mongrel-1.1.5/lib/mongrel.rb:158:in `each'
    /Library/Ruby/Gems/1.8/gems/mongrel-1.1.5/lib/mongrel.rb:158:in `process_client'
    /Library/Ruby/Gems/1.8/gems/mongrel-1.1.5/lib/mongrel.rb:285:in `run'
    /Library/Ruby/Gems/1.8/gems/mongrel-1.1.5/lib/mongrel.rb:285:in `initialize'
    /Library/Ruby/Gems/1.8/gems/mongrel-1.1.5/lib/mongrel.rb:285:in `new'
    /Library/Ruby/Gems/1.8/gems/mongrel-1.1.5/lib/mongrel.rb:285:in `run'
    /Library/Ruby/Gems/1.8/gems/mongrel-1.1.5/lib/mongrel.rb:268:in `initialize'
    /Library/Ruby/Gems/1.8/gems/mongrel-1.1.5/lib/mongrel.rb:268:in `new'
    /Library/Ruby/Gems/1.8/gems/mongrel-1.1.5/lib/mongrel.rb:268:in `run'
    /Library/Ruby/Gems/1.8/gems/mongrel-1.1.5/lib/mongrel/configurator.rb:282:in `run'
    /Library/Ruby/Gems/1.8/gems/mongrel-1.1.5/lib/mongrel/configurator.rb:281:in `each'
    /Library/Ruby/Gems/1.8/gems/mongrel-1.1.5/lib/mongrel/configurator.rb:281:in `run'
    /Library/Ruby/Gems/1.8/gems/mongrel-1.1.5/bin/mongrel_rails:128:in `run'
    /Library/Ruby/Gems/1.8/gems/mongrel-1.1.5/lib/mongrel/command.rb:212:in `run'
    /Library/Ruby/Gems/1.8/gems/mongrel-1.1.5/bin/mongrel_rails:281
    /Library/Ruby/Gems/1.8/gems/activesupport-2.2.2/lib/active_support/dependencies.rb:142:in `load_without_new_constant_marking'
    /Library/Ruby/Gems/1.8/gems/activesupport-2.2.2/lib/active_support/dependencies.rb:142:in `load'
    /Library/Ruby/Gems/1.8/gems/activesupport-2.2.2/lib/active_support/dependencies.rb:521:in `new_constants_in'
    /Library/Ruby/Gems/1.8/gems/activesupport-2.2.2/lib/active_support/dependencies.rb:142:in `load'
    /Library/Ruby/Gems/1.8/gems/rails-2.2.2/lib/commands/servers/mongrel.rb:64
    /Library/Ruby/Site/1.8/rubygems/custom_require.rb:31:in `gem_original_require'
    /Library/Ruby/Site/1.8/rubygems/custom_require.rb:31:in `require'
    /Library/Ruby/Gems/1.8/gems/activesupport-2.2.2/lib/active_support/dependencies.rb:153:in `require'
    /Library/Ruby/Gems/1.8/gems/activesupport-2.2.2/lib/active_support/dependencies.rb:521:in `new_constants_in'
    /Library/Ruby/Gems/1.8/gems/activesupport-2.2.2/lib/active_support/dependencies.rb:153:in `require'
    /Library/Ruby/Gems/1.8/gems/rails-2.2.2/lib/commands/server.rb:49
    /Library/Ruby/Site/1.8/rubygems/custom_require.rb:31:in `gem_original_require'
    /Library/Ruby/Site/1.8/rubygems/custom_require.rb:31:in `require'
    script/server:3

Rendered /Library/Ruby/Gems/1.8/gems/actionpack-2.2.2/lib/action_controller/templates/rescues/_trace (38.1ms)
Rendered /Library/Ruby/Gems/1.8/gems/actionpack-2.2.2/lib/action_controller/templates/rescues/_request_and_response (0.9ms)
Rendering /Library/Ruby/Gems/1.8/gems/actionpack-2.2.2/lib/action_controller/templates/rescues/layout.erb (internal_server_error)
