(in /Users/luca/Projects/rails/actionmailer)
/System/Library/Frameworks/Ruby.framework/Versions/1.8/usr/bin/ruby -Ilib:test "/Library/Ruby/Gems/1.8/gems/rake-0.8.1/lib/rake/rake_test_loader.rb" "test/delivery_method_test.rb" "test/mail_helper_test.rb" "test/mail_render_test.rb" "test/mail_service_test.rb" "test/quoting_test.rb" "test/test_helper_test.rb" "test/tmail_test.rb" "test/url_test.rb" 
./test/../lib/../../actionpack/lib/../../activesupport/lib/active_support/dependencies.rb:279:in `load_missing_constant': uninitialized constant Deprecation (NameError)
	from ./test/../lib/../../actionpack/lib/../../activesupport/lib/active_support/dependencies.rb:468:in `const_missing'
	from ./test/../lib/../../actionpack/lib/../../activesupport/lib/active_support/dependencies.rb:480:in `const_missing'
	from /Library/Ruby/Gems/1.8/gems/mocha-0.9.0/lib/stubba.rb:3
	from /Library/Ruby/Site/1.8/rubygems/custom_require.rb:27:in `gem_original_require'
	from /Library/Ruby/Site/1.8/rubygems/custom_require.rb:27:in `require'
	from ./test/../lib/../../actionpack/lib/../../activesupport/lib/active_support/dependencies.rb:510:in `require'
	from ./test/../lib/../../actionpack/lib/../../activesupport/lib/active_support/dependencies.rb:355:in `new_constants_in'
	from ./test/../lib/../../actionpack/lib/../../activesupport/lib/active_support/dependencies.rb:510:in `require'
	from ./test/abstract_unit.rb:36:in `uses_mocha'
	from ./test/mail_service_test.rb:285
	from ./test/../lib/../../actionpack/lib/../../activesupport/lib/active_support/dependencies.rb:503:in `load'
	from ./test/../lib/../../actionpack/lib/../../activesupport/lib/active_support/dependencies.rb:503:in `load'
	from ./test/../lib/../../actionpack/lib/../../activesupport/lib/active_support/dependencies.rb:355:in `new_constants_in'
	from ./test/../lib/../../actionpack/lib/../../activesupport/lib/active_support/dependencies.rb:503:in `load'
	from /Library/Ruby/Gems/1.8/gems/rake-0.8.1/lib/rake/rake_test_loader.rb:5
	from /Library/Ruby/Gems/1.8/gems/rake-0.8.1/lib/rake/rake_test_loader.rb:5:in `each'
	from /Library/Ruby/Gems/1.8/gems/rake-0.8.1/lib/rake/rake_test_loader.rb:5
rake aborted!
Command failed with status (1): [/System/Library/Frameworks/Ruby.framework/...]

(See full trace by running task with --trace)
