janitors-Mac-mini:potionstore id$ script/server thin -p 3001 -e production
=> Booting Thin
=> Rails 2.3.2 application starting on http://0.0.0.0:3001
/Users/id/tmp/potionstore/vendor/rails/activesupport/lib/active_support/core_ext/enumerable.rb:67:in `sum': wrong number of arguments (0 for 1) (ArgumentError)
	from /Users/id/tmp/potionstore/vendor/rails/activesupport/lib/active_support/core_ext/enumerable.rb:61:in `sum'
	from /Users/id/tmp/potionstore/vendor/rails/actionpack/lib/action_controller/layout.rb:176:in `layout_list'
	from /Users/id/tmp/potionstore/vendor/rails/actionpack/lib/action_controller/layout.rb:184:in `inherited_with_layout'
	from /Users/id/tmp/potionstore/vendor/rails/actionmailer/lib/action_mailer/helpers.rb:94:in `inherited_with_helper'
	from /Users/id/tmp/potionstore/app/models/order_mailer.rb:1:in `<top (required)>'
	from /Users/id/tmp/potionstore/vendor/rails/activesupport/lib/active_support/dependencies.rb:158:in `require'
	from /Users/id/tmp/potionstore/vendor/rails/activesupport/lib/active_support/dependencies.rb:158:in `require'
	from /Users/id/tmp/potionstore/vendor/rails/activesupport/lib/active_support/dependencies.rb:265:in `require_or_load'
	from /Users/id/tmp/potionstore/vendor/rails/activesupport/lib/active_support/dependencies.rb:224:in `depend_on'
	from /Users/id/tmp/potionstore/vendor/rails/activesupport/lib/active_support/dependencies.rb:136:in `require_dependency'
	from /Users/id/tmp/potionstore/vendor/rails/railties/lib/initializer.rb:414:in `block (2 levels) in load_application_classes'
	from /Users/id/tmp/potionstore/vendor/rails/railties/lib/initializer.rb:413:in `each'
	from /Users/id/tmp/potionstore/vendor/rails/railties/lib/initializer.rb:413:in `block in load_application_classes'
	from /Users/id/tmp/potionstore/vendor/rails/railties/lib/initializer.rb:411:in `each'
	from /Users/id/tmp/potionstore/vendor/rails/railties/lib/initializer.rb:411:in `load_application_classes'
	from /Users/id/tmp/potionstore/vendor/rails/railties/lib/initializer.rb:197:in `process'
	from /Users/id/tmp/potionstore/vendor/rails/railties/lib/initializer.rb:113:in `run'
	from /Users/id/tmp/potionstore/config/environment.rb:13:in `<top (required)>'
	from /Users/id/tmp/potionstore/vendor/rails/activesupport/lib/active_support/dependencies.rb:156:in `require'
	from /Users/id/tmp/potionstore/vendor/rails/activesupport/lib/active_support/dependencies.rb:156:in `block in require'
	from /Users/id/tmp/potionstore/vendor/rails/activesupport/lib/active_support/dependencies.rb:521:in `new_constants_in'
	from /Users/id/tmp/potionstore/vendor/rails/activesupport/lib/active_support/dependencies.rb:156:in `require'
	from /Users/id/tmp/potionstore/config.ru:2:in `block in <top (required)>'
	from /Users/id/.gem/ruby/1.9.1/gems/rack-1.0.0/lib/rack/builder.rb:29:in `instance_eval'
	from /Users/id/.gem/ruby/1.9.1/gems/rack-1.0.0/lib/rack/builder.rb:29:in `initialize'
	from /Users/id/tmp/potionstore/config.ru:1:in `new'
	from /Users/id/tmp/potionstore/config.ru:1:in `<top (required)>'
	from /Users/id/tmp/potionstore/vendor/rails/railties/lib/commands/server.rb:78:in `eval'
	from /Users/id/tmp/potionstore/vendor/rails/railties/lib/commands/server.rb:78:in `<top (required)>'
	from script/server:3:in `require'
	from script/server:3:in `<main>'
/Users/id/tmp/potionstore/vendor/rails/activesupport/lib/active_support/core_ext/enumerable.rb:67:in `sum': wrong number of arguments (0 for 1) (ArgumentError)
	from /Users/id/tmp/potionstore/vendor/rails/activesupport/lib/active_support/core_ext/enumerable.rb:61:in `sum'
	from /Users/id/tmp/potionstore/vendor/rails/actionpack/lib/action_controller/layout.rb:176:in `layout_list'
	from /Users/id/tmp/potionstore/vendor/rails/actionpack/lib/action_controller/layout.rb:184:in `inherited_with_layout'
	from /Users/id/tmp/potionstore/vendor/rails/actionmailer/lib/action_mailer/helpers.rb:94:in `inherited_with_helper'
	from /Users/id/tmp/potionstore/app/models/order_mailer.rb:1:in `<top (required)>'
	from /Users/id/tmp/potionstore/vendor/rails/activesupport/lib/active_support/dependencies.rb:158:in `require'
	from /Users/id/tmp/potionstore/vendor/rails/activesupport/lib/active_support/dependencies.rb:158:in `require'
	from /Users/id/tmp/potionstore/vendor/rails/activesupport/lib/active_support/dependencies.rb:265:in `require_or_load'
	from /Users/id/tmp/potionstore/vendor/rails/activesupport/lib/active_support/dependencies.rb:224:in `depend_on'
	from /Users/id/tmp/potionstore/vendor/rails/activesupport/lib/active_support/dependencies.rb:136:in `require_dependency'
	from /Users/id/tmp/potionstore/vendor/rails/railties/lib/initializer.rb:414:in `block (2 levels) in load_application_classes'
	from /Users/id/tmp/potionstore/vendor/rails/railties/lib/initializer.rb:413:in `each'
	from /Users/id/tmp/potionstore/vendor/rails/railties/lib/initializer.rb:413:in `block in load_application_classes'
	from /Users/id/tmp/potionstore/vendor/rails/railties/lib/initializer.rb:411:in `each'
	from /Users/id/tmp/potionstore/vendor/rails/railties/lib/initializer.rb:411:in `load_application_classes'
	from /Users/id/tmp/potionstore/vendor/rails/railties/lib/initializer.rb:197:in `process'
	from /Users/id/tmp/potionstore/vendor/rails/railties/lib/initializer.rb:113:in `run'
	from /Users/id/tmp/potionstore/config/environment.rb:13:in `<top (required)>'
	from /Users/id/tmp/potionstore/vendor/rails/activesupport/lib/active_support/dependencies.rb:156:in `require'
	from /Users/id/tmp/potionstore/vendor/rails/activesupport/lib/active_support/dependencies.rb:156:in `block in require'
	from /Users/id/tmp/potionstore/vendor/rails/activesupport/lib/active_support/dependencies.rb:521:in `new_constants_in'
	from /Users/id/tmp/potionstore/vendor/rails/activesupport/lib/active_support/dependencies.rb:156:in `require'
	from /Users/id/tmp/potionstore/config.ru:2:in `block in <top (required)>'
	from /Users/id/.gem/ruby/1.9.1/gems/rack-1.0.0/lib/rack/builder.rb:29:in `instance_eval'
	from /Users/id/.gem/ruby/1.9.1/gems/rack-1.0.0/lib/rack/builder.rb:29:in `initialize'
	from /Users/id/tmp/potionstore/config.ru:1:in `new'
	from /Users/id/tmp/potionstore/config.ru:1:in `<top (required)>'
	from /Users/id/tmp/potionstore/vendor/rails/railties/lib/commands/server.rb:78:in `eval'
	from /Users/id/tmp/potionstore/vendor/rails/railties/lib/commands/server.rb:78:in `<top (required)>'
	from script/server:3:in `require'
	from script/server:3:in `<main>'
janitors-Mac-mini:potionstore id$ 
